<?xml version="1.0" encoding="UTF-8"?>
<testsuite name="examples.mock.FileExampleTest" tests="2" skipped="0" failures="0" errors="0" timestamp="2025-08-25T11:26:55" hostname="STINGER" time="0.943">
  <properties/>
  <testcase name="testAnalyze" classname="examples.mock.FileExampleTest" time="0.815"/>
  <testcase name="testIsOversize" classname="examples.mock.FileExampleTest" time="0.127"/>
  <system-out><![CDATA[]]></system-out>
  <system-err><![CDATA[]]></system-err>
</testsuite>
