<?xml version="1.0" encoding="UTF-8"?>
<testsuite name="examples.eval.SimpleTest" tests="3" skipped="0" failures="0" errors="0" timestamp="2025-08-25T11:26:55" hostname="STINGER" time="0.009">
  <properties/>
  <testcase name="testMap" classname="examples.eval.SimpleTest" time="0.007"/>
  <testcase name="testMap2" classname="examples.eval.SimpleTest" time="0.0"/>
  <testcase name="testMap3" classname="examples.eval.SimpleTest" time="0.001"/>
  <system-out><![CDATA[]]></system-out>
  <system-err><![CDATA[]]></system-err>
</testsuite>
